;  LST file generated by mikroListExporter - v.2.0 
; Date/Time: 09/08/2024 08:55:19
;----------------------------------------------

;Address Opcode 	ASM
0x0000	0x29FB      	GOTO       507
_interrupt:
0x0004	0x00FF      	MOVWF      R15
0x0005	0x0E03      	SWAPF      STATUS, 0
0x0006	0x0183      	CLRF       STATUS
0x0007	0x00AC      	MOVWF      ___saveSTATUS
0x0008	0x080A      	MOVF       PCLATH, 0
0x0009	0x00AD      	MOVWF      ___savePCLATH
0x000A	0x018A      	CLRF       PCLATH
0x000B	0x0870      	MOVF       R0, 0
0x000C	0x00A3      	MOVWF      35
0x000D	0x087B      	MOVF       R11, 0
0x000E	0x00A2      	MOVWF      34
0x000F	0x087C      	MOVF       R12, 0
0x0010	0x00A1      	MOVWF      33
0x0011	0x087D      	MOVF       R13, 0
0x0012	0x00A0      	MOVWF      32
;Traffic_Light.c,18 :: 		void interrupt(){
;Traffic_Light.c,19 :: 		if(intf_bit==1){                          //check which interrupt has occured
0x0013	0x1C8B      	BTFSS      INTF_bit, BitPos(INTF_bit+0)
0x0014	0x286A      	GOTO       L_interrupt0
;Traffic_Light.c,20 :: 		intf_bit=0;                            //reset the interrupt flag
0x0015	0x108B      	BCF        INTF_bit, BitPos(INTF_bit+0)
;Traffic_Light.c,21 :: 		temp=portb;                            //store the value of portb in temp to return it after interrupt
0x0016	0x0806      	MOVF       PORTB, 0
0x0017	0x00A6      	MOVWF      _temp
;Traffic_Light.c,22 :: 		while(portb.b0==0){                    //while the button of Automatic/Manual button is pressed
L_interrupt1:
0x0018	0x1806      	BTFSC      PORTB, 0
0x0019	0x286A      	GOTO       L_interrupt2
;Traffic_Light.c,24 :: 		if(portb.b1==1){                    //west is on
0x001A	0x1C86      	BTFSS      PORTB, 1
0x001B	0x2843      	GOTO       L_interrupt3
;Traffic_Light.c,25 :: 		portb=0b01000100;                //turn on the westred and southyellow
0x001C	0x3044      	MOVLW      68
0x001D	0x0086      	MOVWF      PORTB
;Traffic_Light.c,26 :: 		delay_ms(300);                   //delay for southyellow
0x001E	0x3004      	MOVLW      4
0x001F	0x00FB      	MOVWF      R11
0x0020	0x300C      	MOVLW      12
0x0021	0x00FC      	MOVWF      R12
0x0022	0x3033      	MOVLW      51
0x0023	0x00FD      	MOVWF      R13
L_interrupt4:
0x0024	0x0BFD      	DECFSZ     R13, 1
0x0025	0x2824      	GOTO       L_interrupt4
0x0026	0x0BFC      	DECFSZ     R12, 1
0x0027	0x2824      	GOTO       L_interrupt4
0x0028	0x0BFB      	DECFSZ     R11, 1
0x0029	0x2824      	GOTO       L_interrupt4
0x002A	0x0000      	NOP
0x002B	0x0000      	NOP
;Traffic_Light.c,27 :: 		portb=0b00110000;                //turn off southyellow and westred and turn on westgreen and southred
0x002C	0x3030      	MOVLW      48
0x002D	0x0086      	MOVWF      PORTB
;Traffic_Light.c,28 :: 		while(portb.b1==1 &portb.b0==0); //stay on until change to south or Automatic
L_interrupt5:
0x002E	0x1886      	BTFSC      PORTB, 1
0x002F	0x2832      	GOTO       L__interrupt27
0x0030	0x1070      	BCF        R0, 0
0x0031	0x2833      	GOTO       L__interrupt28
L__interrupt27:
0x0032	0x1470      	BSF        R0, 0
L__interrupt28:
0x0033	0x1806      	BTFSC      PORTB, 0
0x0034	0x2837      	GOTO       L__interrupt29
0x0035	0x1403      	BSF        STATUS, 0
0x0036	0x2838      	GOTO       L__interrupt30
L__interrupt29:
0x0037	0x1003      	BCF        STATUS, 0
L__interrupt30:
0x0038	0x1C70      	BTFSS      R0, 0
0x0039	0x283E      	GOTO       L__interrupt31
0x003A	0x1C03      	BTFSS      STATUS, 0
0x003B	0x283E      	GOTO       L__interrupt31
0x003C	0x1470      	BSF        R0, 0
0x003D	0x283F      	GOTO       L__interrupt32
L__interrupt31:
0x003E	0x1070      	BCF        R0, 0
L__interrupt32:
0x003F	0x1C70      	BTFSS      R0, 0
0x0040	0x2842      	GOTO       L_interrupt6
0x0041	0x282E      	GOTO       L_interrupt5
L_interrupt6:
;Traffic_Light.c,29 :: 		}
0x0042	0x2869      	GOTO       L_interrupt7
L_interrupt3:
;Traffic_Light.c,31 :: 		portb=0b00101000;                //turn on the southred and westyellow
0x0043	0x3028      	MOVLW      40
0x0044	0x0086      	MOVWF      PORTB
;Traffic_Light.c,32 :: 		delay_ms(300);                   //delay for westyellow
0x0045	0x3004      	MOVLW      4
0x0046	0x00FB      	MOVWF      R11
0x0047	0x300C      	MOVLW      12
0x0048	0x00FC      	MOVWF      R12
0x0049	0x3033      	MOVLW      51
0x004A	0x00FD      	MOVWF      R13
L_interrupt8:
0x004B	0x0BFD      	DECFSZ     R13, 1
0x004C	0x284B      	GOTO       L_interrupt8
0x004D	0x0BFC      	DECFSZ     R12, 1
0x004E	0x284B      	GOTO       L_interrupt8
0x004F	0x0BFB      	DECFSZ     R11, 1
0x0050	0x284B      	GOTO       L_interrupt8
0x0051	0x0000      	NOP
0x0052	0x0000      	NOP
;Traffic_Light.c,33 :: 		portb=0b10000100;                //turn off westyellow and southred turn on southgreen westhred
0x0053	0x3084      	MOVLW      132
0x0054	0x0086      	MOVWF      PORTB
;Traffic_Light.c,34 :: 		while(portb.b1==0 &portb.b0==0); //stay on until change to west or Automatic
L_interrupt9:
0x0055	0x1886      	BTFSC      PORTB, 1
0x0056	0x2859      	GOTO       L__interrupt33
0x0057	0x1470      	BSF        R0, 0
0x0058	0x285A      	GOTO       L__interrupt34
L__interrupt33:
0x0059	0x1070      	BCF        R0, 0
L__interrupt34:
0x005A	0x1806      	BTFSC      PORTB, 0
0x005B	0x285E      	GOTO       L__interrupt35
0x005C	0x1403      	BSF        STATUS, 0
0x005D	0x285F      	GOTO       L__interrupt36
L__interrupt35:
0x005E	0x1003      	BCF        STATUS, 0
L__interrupt36:
0x005F	0x1C70      	BTFSS      R0, 0
0x0060	0x2865      	GOTO       L__interrupt37
0x0061	0x1C03      	BTFSS      STATUS, 0
0x0062	0x2865      	GOTO       L__interrupt37
0x0063	0x1470      	BSF        R0, 0
0x0064	0x2866      	GOTO       L__interrupt38
L__interrupt37:
0x0065	0x1070      	BCF        R0, 0
L__interrupt38:
0x0066	0x1C70      	BTFSS      R0, 0
0x0067	0x2869      	GOTO       L_interrupt10
0x0068	0x2855      	GOTO       L_interrupt9
L_interrupt10:
;Traffic_Light.c,35 :: 		}
L_interrupt7:
;Traffic_Light.c,36 :: 		}
0x0069	0x2818      	GOTO       L_interrupt1
L_interrupt2:
;Traffic_Light.c,37 :: 		}
L_interrupt0:
;Traffic_Light.c,38 :: 		portb=temp;                               //return the value of portb that it has before interrupt
0x006A	0x0826      	MOVF       _temp, 0
0x006B	0x0086      	MOVWF      PORTB
;Traffic_Light.c,39 :: 		}
L_end_interrupt:
L__interrupt26:
0x006C	0x0823      	MOVF       35, 0
0x006D	0x00F0      	MOVWF      R0
0x006E	0x0822      	MOVF       34, 0
0x006F	0x00FB      	MOVWF      R11
0x0070	0x0821      	MOVF       33, 0
0x0071	0x00FC      	MOVWF      R12
0x0072	0x0820      	MOVF       32, 0
0x0073	0x00FD      	MOVWF      R13
0x0074	0x082D      	MOVF       ___savePCLATH, 0
0x0075	0x008A      	MOVWF      PCLATH
0x0076	0x0E2C      	SWAPF      ___saveSTATUS, 0
0x0077	0x0083      	MOVWF      STATUS
0x0078	0x0EFF      	SWAPF      R15, 1
0x0079	0x0E7F      	SWAPF      R15, 0
0x007A	0x0009      	RETFIE
; end of _interrupt
_Div_16x16_S_L:
;__Lib_Math.c,420 :: 		
;__Lib_Math.c,426 :: 		
0x007B	0x0D71      	RLF        R1, 0
;__Lib_Math.c,427 :: 		
0x007C	0x0DF8      	RLF        R8, 1
;__Lib_Math.c,428 :: 		
0x007D	0x0DF9      	RLF        R9, 1
;__Lib_Math.c,429 :: 		
0x007E	0x0874      	MOVF       R4, 0
;__Lib_Math.c,430 :: 		
0x007F	0x02F8      	SUBWF      R8, 1
;__Lib_Math.c,431 :: 		
0x0080	0x0875      	MOVF       R5, 0
;__Lib_Math.c,432 :: 		
0x0081	0x1C03      	BTFSS      STATUS, 0
;__Lib_Math.c,433 :: 		
0x0082	0x0F75      	INCFSZ     R5, 0
;__Lib_Math.c,434 :: 		
0x0083	0x02F9      	SUBWF      R9, 1
;__Lib_Math.c,435 :: 		
0x0084	0x0DF0      	RLF        R0, 1
;__Lib_Math.c,436 :: 		
0x0085	0x0DF1      	RLF        R1, 1
;__Lib_Math.c,438 :: 		
0x0086	0x300F      	MOVLW      15
;__Lib_Math.c,439 :: 		
0x0087	0x00FC      	MOVWF      R12
;__Lib_Math.c,441 :: 		
0x0088	0x0D71      	RLF        R1, 0
;__Lib_Math.c,442 :: 		
0x0089	0x0DF8      	RLF        R8, 1
;__Lib_Math.c,443 :: 		
0x008A	0x0DF9      	RLF        R9, 1
;__Lib_Math.c,444 :: 		
0x008B	0x0874      	MOVF       R4, 0
;__Lib_Math.c,446 :: 		
0x008C	0x1C70      	BTFSS      R0, 0
;__Lib_Math.c,447 :: 		
0x008D	0x2894      	GOTO       $+7
;__Lib_Math.c,448 :: 		
0x008E	0x02F8      	SUBWF      R8, 1
;__Lib_Math.c,449 :: 		
0x008F	0x0875      	MOVF       R5, 0
;__Lib_Math.c,450 :: 		
0x0090	0x1C03      	BTFSS      STATUS, 0
;__Lib_Math.c,451 :: 		
0x0091	0x0F75      	INCFSZ     R5, 0
;__Lib_Math.c,452 :: 		
0x0092	0x02F9      	SUBWF      R9, 1
;__Lib_Math.c,453 :: 		
0x0093	0x2899      	GOTO       $+6
;__Lib_Math.c,455 :: 		
0x0094	0x07F8      	ADDWF      R8, 1
;__Lib_Math.c,456 :: 		
0x0095	0x0875      	MOVF       R5, 0
;__Lib_Math.c,457 :: 		
0x0096	0x1803      	BTFSC      STATUS, 0
;__Lib_Math.c,458 :: 		
0x0097	0x0F75      	INCFSZ     R5, 0
;__Lib_Math.c,459 :: 		
0x0098	0x07F9      	ADDWF      R9, 1
;__Lib_Math.c,461 :: 		
0x0099	0x0DF0      	RLF        R0, 1
;__Lib_Math.c,462 :: 		
0x009A	0x0DF1      	RLF        R1, 1
;__Lib_Math.c,464 :: 		
0x009B	0x0BFC      	DECFSZ     R12, 1
;__Lib_Math.c,465 :: 		
0x009C	0x2888      	GOTO       $-20
;__Lib_Math.c,467 :: 		
0x009D	0x1870      	BTFSC      R0, 0
;__Lib_Math.c,468 :: 		
0x009E	0x28A5      	GOTO       $+7
;__Lib_Math.c,469 :: 		
0x009F	0x0874      	MOVF       R4, 0
;__Lib_Math.c,470 :: 		
0x00A0	0x07F8      	ADDWF      R8, 1
;__Lib_Math.c,471 :: 		
0x00A1	0x0875      	MOVF       R5, 0
;__Lib_Math.c,472 :: 		
0x00A2	0x1803      	BTFSC      STATUS, 0
;__Lib_Math.c,473 :: 		
0x00A3	0x0F75      	INCFSZ     R5, 0
;__Lib_Math.c,474 :: 		
0x00A4	0x07F9      	ADDWF      R9, 1
;__Lib_Math.c,475 :: 		
0x00A5	0x0000      	NOP
;__Lib_Math.c,477 :: 		
L_end_Div_16x16_S_L:
0x00A6	0x0008      	RETURN
; end of _Div_16x16_S_L
_Div_16x16_S:
;__Lib_Math.c,479 :: 		
;__Lib_Math.c,487 :: 		
0x00A7	0x1283      	BCF        STATUS, 5
0x00A8	0x1303      	BCF        STATUS, 6
0x00A9	0x0874      	MOVF       R4, 0
0x00AA	0x3A00      	XORLW      0
0x00AB	0x1D03      	BTFSS      STATUS, 2
0x00AC	0x28B6      	GOTO       L_Div_16x16_S0
;__Lib_Math.c,488 :: 		
0x00AD	0x0875      	MOVF       R5, 0
0x00AE	0x3A00      	XORLW      0
0x00AF	0x1D03      	BTFSS      STATUS, 2
0x00B0	0x28B6      	GOTO       L_Div_16x16_S1
;__Lib_Math.c,489 :: 		
0x00B1	0x30FF      	MOVLW      255
0x00B2	0x00F0      	MOVWF      R0
;__Lib_Math.c,490 :: 		
0x00B3	0x307F      	MOVLW      127
0x00B4	0x00F1      	MOVWF      R1
;__Lib_Math.c,491 :: 		
0x00B5	0x290F      	GOTO       L_end_Div_16x16_S
;__Lib_Math.c,492 :: 		
L_Div_16x16_S1:
L_Div_16x16_S0:
;__Lib_Math.c,495 :: 		
0x00B6	0x1283      	BCF        STATUS, 5
;__Lib_Math.c,496 :: 		
0x00B7	0x1303      	BCF        STATUS, 6
;__Lib_Math.c,497 :: 		
0x00B8	0x01FD      	CLRF       R13
;__Lib_Math.c,498 :: 		
0x00B9	0x01F9      	CLRF       R9
;__Lib_Math.c,499 :: 		
0x00BA	0x01F8      	CLRF       R8
;__Lib_Math.c,500 :: 		
0x00BB	0x0871      	MOVF       R1, 0
;__Lib_Math.c,501 :: 		
0x00BC	0x0470      	IORWF      R0, 0
;__Lib_Math.c,502 :: 		
0x00BD	0x1903      	BTFSC      STATUS, 2
;__Lib_Math.c,503 :: 		
0x00BE	0x3400      	RETLW      0
;__Lib_Math.c,505 :: 		
0x00BF	0x0871      	MOVF       R1, 0
;__Lib_Math.c,506 :: 		
0x00C0	0x0675      	XORWF      R5, 0
;__Lib_Math.c,507 :: 		
0x00C1	0x00FA      	MOVWF      R10
;__Lib_Math.c,508 :: 		
0x00C2	0x1BFA      	BTFSC      R10, 7
;__Lib_Math.c,509 :: 		
0x00C3	0x09FD      	COMF       R13, 1
;__Lib_Math.c,511 :: 		
0x00C4	0x01FB      	CLRF       R11
;__Lib_Math.c,513 :: 		
0x00C5	0x1FF5      	BTFSS      R5, 7
;__Lib_Math.c,514 :: 		
0x00C6	0x28CC      	GOTO       $+6
;__Lib_Math.c,516 :: 		
0x00C7	0x09F4      	COMF       R4, 1
;__Lib_Math.c,517 :: 		
0x00C8	0x09F5      	COMF       R5, 1
;__Lib_Math.c,518 :: 		
0x00C9	0x0AF4      	INCF       R4, 1
;__Lib_Math.c,519 :: 		
0x00CA	0x1903      	BTFSC      STATUS, 2
;__Lib_Math.c,520 :: 		
0x00CB	0x0AF5      	INCF       R5, 1
;__Lib_Math.c,522 :: 		
0x00CC	0x1FF1      	BTFSS      R1, 7
;__Lib_Math.c,523 :: 		
0x00CD	0x28D3      	GOTO       $+6
;__Lib_Math.c,525 :: 		
0x00CE	0x09F0      	COMF       R0, 1
;__Lib_Math.c,526 :: 		
0x00CF	0x09F1      	COMF       R1, 1
;__Lib_Math.c,527 :: 		
0x00D0	0x0AF0      	INCF       R0, 1
;__Lib_Math.c,528 :: 		
0x00D1	0x1903      	BTFSC      STATUS, 2
;__Lib_Math.c,529 :: 		
0x00D2	0x0AF1      	INCF       R1, 1
;__Lib_Math.c,531 :: 		
0x00D3	0x0871      	MOVF       R1, 0
;__Lib_Math.c,532 :: 		
0x00D4	0x0475      	IORWF      R5, 0
;__Lib_Math.c,533 :: 		
0x00D5	0x00FA      	MOVWF      R10
;__Lib_Math.c,534 :: 		
0x00D6	0x1BFA      	BTFSC      R10, 7
;__Lib_Math.c,535 :: 		
0x00D7	0x28E8      	GOTO       $+17
;__Lib_Math.c,537 :: 		
0x00D8	0x207B      	CALL       _Div_16x16_S_L
;__Lib_Math.c,539 :: 		
0x00D9	0x187B      	BTFSC      R11, 0
;__Lib_Math.c,540 :: 		
0x00DA	0x28FB      	GOTO       $+33
;__Lib_Math.c,542 :: 		
0x00DB	0x1FFD      	BTFSS      R13, 7
;__Lib_Math.c,543 :: 		
0x00DC	0x3400      	RETLW      0
;__Lib_Math.c,545 :: 		
0x00DD	0x09F0      	COMF       R0, 1
;__Lib_Math.c,546 :: 		
0x00DE	0x09F1      	COMF       R1, 1
;__Lib_Math.c,547 :: 		
0x00DF	0x0AF0      	INCF       R0, 1
;__Lib_Math.c,548 :: 		
0x00E0	0x1903      	BTFSC      STATUS, 2
;__Lib_Math.c,549 :: 		
0x00E1	0x0AF1      	INCF       R1, 1
;__Lib_Math.c,551 :: 		
0x00E2	0x09F8      	COMF       R8, 1
;__Lib_Math.c,552 :: 		
0x00E3	0x09F9      	COMF       R9, 1
;__Lib_Math.c,553 :: 		
0x00E4	0x0AF8      	INCF       R8, 1
;__Lib_Math.c,554 :: 		
0x00E5	0x1903      	BTFSC      STATUS, 2
;__Lib_Math.c,555 :: 		
0x00E6	0x0AF9      	INCF       R9, 1
;__Lib_Math.c,557 :: 		
0x00E7	0x3400      	RETLW      0
;__Lib_Math.c,559 :: 		
0x00E8	0x1FF5      	BTFSS      R5, 7
;__Lib_Math.c,560 :: 		
0x00E9	0x28F7      	GOTO       $+14
;__Lib_Math.c,561 :: 		
0x00EA	0x1BF1      	BTFSC      R1, 7
;__Lib_Math.c,562 :: 		
0x00EB	0x28F3      	GOTO       $+8
;__Lib_Math.c,563 :: 		
0x00EC	0x0871      	MOVF       R1, 0
;__Lib_Math.c,564 :: 		
0x00ED	0x00F9      	MOVWF      R9
;__Lib_Math.c,565 :: 		
0x00EE	0x0870      	MOVF       R0, 0
;__Lib_Math.c,566 :: 		
0x00EF	0x00F8      	MOVWF      R8
;__Lib_Math.c,567 :: 		
0x00F0	0x01F1      	CLRF       R1
;__Lib_Math.c,568 :: 		
0x00F1	0x01F0      	CLRF       R0
;__Lib_Math.c,569 :: 		
0x00F2	0x28DB      	GOTO       $-23
;__Lib_Math.c,570 :: 		
0x00F3	0x01F1      	CLRF       R1
;__Lib_Math.c,571 :: 		
0x00F4	0x01F0      	CLRF       R0
;__Lib_Math.c,572 :: 		
0x00F5	0x0AF0      	INCF       R0, 1
;__Lib_Math.c,573 :: 		
0x00F6	0x3400      	RETLW      0
;__Lib_Math.c,575 :: 		
0x00F7	0x09F1      	COMF       R1, 1
;__Lib_Math.c,576 :: 		
0x00F8	0x09F0      	COMF       R0, 1
;__Lib_Math.c,577 :: 		
0x00F9	0x0AFB      	INCF       R11, 1
;__Lib_Math.c,578 :: 		
0x00FA	0x28D8      	GOTO       $-34
;__Lib_Math.c,580 :: 		
0x00FB	0x0AF8      	INCF       R8, 1
;__Lib_Math.c,581 :: 		
0x00FC	0x1903      	BTFSC      STATUS, 2
;__Lib_Math.c,582 :: 		
0x00FD	0x0AF9      	INCF       R9, 1
;__Lib_Math.c,583 :: 		
0x00FE	0x0874      	MOVF       R4, 0
;__Lib_Math.c,584 :: 		
0x00FF	0x0278      	SUBWF      R8, 0
;__Lib_Math.c,585 :: 		
0x0100	0x1D03      	BTFSS      STATUS, 2
;__Lib_Math.c,586 :: 		
0x0101	0x28DB      	GOTO       $-38
;__Lib_Math.c,587 :: 		
0x0102	0x0875      	MOVF       R5, 0
;__Lib_Math.c,588 :: 		
0x0103	0x0279      	SUBWF      R9, 0
;__Lib_Math.c,589 :: 		
0x0104	0x1D03      	BTFSS      STATUS, 2
;__Lib_Math.c,590 :: 		
0x0105	0x28DB      	GOTO       $-42
;__Lib_Math.c,591 :: 		
0x0106	0x01F9      	CLRF       R9
;__Lib_Math.c,592 :: 		
0x0107	0x01F8      	CLRF       R8
;__Lib_Math.c,593 :: 		
0x0108	0x0AF0      	INCF       R0, 1
;__Lib_Math.c,594 :: 		
0x0109	0x1903      	BTFSC      STATUS, 2
;__Lib_Math.c,595 :: 		
0x010A	0x0AF1      	INCF       R1, 1
;__Lib_Math.c,596 :: 		
0x010B	0x1FF1      	BTFSS      R1, 7
;__Lib_Math.c,597 :: 		
0x010C	0x28DB      	GOTO       $-49
;__Lib_Math.c,598 :: 		
0x010D	0x0000      	NOP
;__Lib_Math.c,599 :: 		
0x010E	0x34FF      	RETLW      255
;__Lib_Math.c,601 :: 		
L_end_Div_16x16_S:
0x010F	0x0008      	RETURN
; end of _Div_16x16_S
_____DoICP:
;__Lib_System.c,6 :: 		
;__Lib_System.c,9 :: 		
0x0110	0x1283      	BCF        STATUS, 5
0x0111	0x1303      	BCF        STATUS, 6
0x0112	0x0829      	MOVF       ___DoICPAddr+1, 0
0x0113	0x008A      	MOVWF      PCLATH
;__Lib_System.c,10 :: 		
0x0114	0x0828      	MOVF       ___DoICPAddr, 0
0x0115	0x0082      	MOVWF      PCL
;__Lib_System.c,12 :: 		
L_end_____DoICP:
0x0116	0x0008      	RETURN
; end of _____DoICP
_Div_8X8_U:
;__Lib_Math.c,189 :: 		
;__Lib_Math.c,196 :: 		
0x0117	0x1283      	BCF        STATUS, 5
;__Lib_Math.c,197 :: 		
0x0118	0x1303      	BCF        STATUS, 6
;__Lib_Math.c,198 :: 		
0x0119	0x01F8      	CLRF       R8
;__Lib_Math.c,199 :: 		
0x011A	0x3008      	MOVLW      8
;__Lib_Math.c,200 :: 		
0x011B	0x00FC      	MOVWF      R12
;__Lib_Math.c,201 :: 		
0x011C	0x0D70      	RLF        R0, 0
;__Lib_Math.c,202 :: 		
0x011D	0x0DF8      	RLF        R8, 1
;__Lib_Math.c,203 :: 		
0x011E	0x0874      	MOVF       R4, 0
;__Lib_Math.c,204 :: 		
0x011F	0x02F8      	SUBWF      R8, 1
;__Lib_Math.c,205 :: 		
0x0120	0x1803      	BTFSC      STATUS, 0
;__Lib_Math.c,206 :: 		
0x0121	0x2924      	GOTO       $+3
;__Lib_Math.c,207 :: 		
0x0122	0x07F8      	ADDWF      R8, 1
;__Lib_Math.c,208 :: 		
0x0123	0x1003      	BCF        STATUS, 0
;__Lib_Math.c,209 :: 		
0x0124	0x0DF0      	RLF        R0, 1
;__Lib_Math.c,210 :: 		
0x0125	0x0BFC      	DECFSZ     R12, 1
;__Lib_Math.c,211 :: 		
0x0126	0x291C      	GOTO       $-10
;__Lib_Math.c,213 :: 		
L_end_Div_8X8_U:
0x0127	0x0008      	RETURN
; end of _Div_8X8_U
___CC2DW:
;__Lib_System.c,134 :: 		
;__Lib_System.c,137 :: 		
_CC2D_Loop1:
;__Lib_System.c,139 :: 		
0x0128	0x2110      	CALL       _____DoICP
0x0129	0x118A      	BCF        PCLATH, 3
0x012A	0x120A      	BCF        PCLATH, 4
;__Lib_System.c,141 :: 		
0x012B	0x0080      	MOVWF      INDF
;__Lib_System.c,142 :: 		
0x012C	0x0A84      	INCF       FSR, 1
;__Lib_System.c,143 :: 		
0x012D	0x0AA8      	INCF       ___DoICPAddr, 1
;__Lib_System.c,145 :: 		
0x012E	0x1903      	BTFSC      STATUS, 2
;__Lib_System.c,146 :: 		
0x012F	0x0AA9      	INCF       ___DoICPAddr+1, 1
;__Lib_System.c,147 :: 		
0x0130	0x03F0      	DECF       R0, 1
;__Lib_System.c,149 :: 		
0x0131	0x1D03      	BTFSS      STATUS, 2
;__Lib_System.c,150 :: 		
0x0132	0x2928      	GOTO       _CC2D_Loop1
;__Lib_System.c,152 :: 		
L_end___CC2DW:
0x0133	0x0008      	RETURN
; end of ___CC2DW
_display:
;Traffic_Light.c,42 :: 		void display(){
;Traffic_Light.c,43 :: 		while(1){
L_display11:
;Traffic_Light.c,44 :: 		westred=1;southgreen=1;            //south is on and west is off
0x0134	0x1283      	BCF        STATUS, 5
0x0135	0x1303      	BCF        STATUS, 6
0x0136	0x1506      	BSF        PORTB, 2
0x0137	0x1786      	BSF        PORTB, 7
;Traffic_Light.c,46 :: 		for(count=15;count>0;count--){
0x0138	0x300F      	MOVLW      15
0x0139	0x00AA      	MOVWF      _count
L_display13:
0x013A	0x082A      	MOVF       _count, 0
0x013B	0x3C00      	SUBLW      0
0x013C	0x1803      	BTFSC      STATUS, 0
0x013D	0x2995      	GOTO       L_display14
;Traffic_Light.c,47 :: 		left=count/10;                  //represent the left digit for west
0x013E	0x300A      	MOVLW      10
0x013F	0x00F4      	MOVWF      R4
0x0140	0x082A      	MOVF       _count, 0
0x0141	0x00F0      	MOVWF      R0
0x0142	0x2117      	CALL       _Div_8X8_U
0x0143	0x0870      	MOVF       R0, 0
0x0144	0x00B1      	MOVWF      FLOC__display+3
0x0145	0x0831      	MOVF       FLOC__display+3, 0
0x0146	0x00AB      	MOVWF      _left
;Traffic_Light.c,48 :: 		right=count%10;                 //represent the right digit for west
0x0147	0x300A      	MOVLW      10
0x0148	0x00F4      	MOVWF      R4
0x0149	0x082A      	MOVF       _count, 0
0x014A	0x00F0      	MOVWF      R0
0x014B	0x2117      	CALL       _Div_8X8_U
0x014C	0x0878      	MOVF       R8, 0
0x014D	0x00F0      	MOVWF      R0
0x014E	0x0870      	MOVF       R0, 0
0x014F	0x00B0      	MOVWF      FLOC__display+2
0x0150	0x0830      	MOVF       FLOC__display+2, 0
0x0151	0x00A7      	MOVWF      _right
;Traffic_Light.c,49 :: 		newleft=(count-3)/10;           //represent the left digit for south
0x0152	0x3003      	MOVLW      3
0x0153	0x022A      	SUBWF      _count, 0
0x0154	0x00AE      	MOVWF      FLOC__display
0x0155	0x01AF      	CLRF       FLOC__display+1
0x0156	0x1C03      	BTFSS      STATUS, 0
0x0157	0x03AF      	DECF       FLOC__display+1, 1
0x0158	0x300A      	MOVLW      10
0x0159	0x00F4      	MOVWF      R4
0x015A	0x3000      	MOVLW      0
0x015B	0x00F5      	MOVWF      R4+1
0x015C	0x082E      	MOVF       FLOC__display, 0
0x015D	0x00F0      	MOVWF      R0
0x015E	0x082F      	MOVF       FLOC__display+1, 0
0x015F	0x00F1      	MOVWF      R0+1
0x0160	0x20A7      	CALL       _Div_16x16_S
0x0161	0x0870      	MOVF       R0, 0
0x0162	0x00A4      	MOVWF      _newleft
;Traffic_Light.c,50 :: 		newright=(count-3)%10;          //represent the right digit for south
0x0163	0x300A      	MOVLW      10
0x0164	0x00F4      	MOVWF      R4
0x0165	0x3000      	MOVLW      0
0x0166	0x00F5      	MOVWF      R4+1
0x0167	0x082E      	MOVF       FLOC__display, 0
0x0168	0x00F0      	MOVWF      R0
0x0169	0x082F      	MOVF       FLOC__display+1, 0
0x016A	0x00F1      	MOVWF      R0+1
0x016B	0x20A7      	CALL       _Div_16x16_S
0x016C	0x0878      	MOVF       R8, 0
0x016D	0x00F0      	MOVWF      R0
0x016E	0x0879      	MOVF       R8+1, 0
0x016F	0x00F1      	MOVWF      R0+1
0x0170	0x0870      	MOVF       R0, 0
0x0171	0x00A5      	MOVWF      _newright
;Traffic_Light.c,51 :: 		portc=right;
0x0172	0x0830      	MOVF       FLOC__display+2, 0
0x0173	0x0087      	MOVWF      PORTC
;Traffic_Light.c,52 :: 		porta=left | (0b00000100);      //or operator to maintain the value of RA2 one forever to make segments on
0x0174	0x3004      	MOVLW      4
0x0175	0x0431      	IORWF      FLOC__display+3, 0
0x0176	0x0085      	MOVWF      PORTA
;Traffic_Light.c,53 :: 		if(count<=3){                   //check when the southyellow is on
0x0177	0x082A      	MOVF       _count, 0
0x0178	0x3C03      	SUBLW      3
0x0179	0x1C03      	BTFSS      STATUS, 0
0x017A	0x2982      	GOTO       L_display16
;Traffic_Light.c,54 :: 		southgreen=0;
0x017B	0x1386      	BCF        PORTB, 7
;Traffic_Light.c,55 :: 		southyellow=1;
0x017C	0x1706      	BSF        PORTB, 6
;Traffic_Light.c,56 :: 		portd=right;
0x017D	0x0827      	MOVF       _right, 0
0x017E	0x0088      	MOVWF      PORTD
;Traffic_Light.c,57 :: 		porte=left;
0x017F	0x082B      	MOVF       _left, 0
0x0180	0x0089      	MOVWF      PORTE
;Traffic_Light.c,58 :: 		}
0x0181	0x2986      	GOTO       L_display17
L_display16:
;Traffic_Light.c,60 :: 		portd=newright;
0x0182	0x0825      	MOVF       _newright, 0
0x0183	0x0088      	MOVWF      PORTD
;Traffic_Light.c,61 :: 		porte=newleft;
0x0184	0x0824      	MOVF       _newleft, 0
0x0185	0x0089      	MOVWF      PORTE
;Traffic_Light.c,62 :: 		}
L_display17:
;Traffic_Light.c,63 :: 		delay_ms(100);                   //delay for displaying the number on segments
0x0186	0x3002      	MOVLW      2
0x0187	0x00FB      	MOVWF      R11
0x0188	0x3004      	MOVLW      4
0x0189	0x00FC      	MOVWF      R12
0x018A	0x30BA      	MOVLW      186
0x018B	0x00FD      	MOVWF      R13
L_display18:
0x018C	0x0BFD      	DECFSZ     R13, 1
0x018D	0x298C      	GOTO       L_display18
0x018E	0x0BFC      	DECFSZ     R12, 1
0x018F	0x298C      	GOTO       L_display18
0x0190	0x0BFB      	DECFSZ     R11, 1
0x0191	0x298C      	GOTO       L_display18
0x0192	0x0000      	NOP
;Traffic_Light.c,46 :: 		for(count=15;count>0;count--){
0x0193	0x03AA      	DECF       _count, 1
;Traffic_Light.c,64 :: 		}
0x0194	0x293A      	GOTO       L_display13
L_display14:
;Traffic_Light.c,66 :: 		westred=0; westgreen=1;            //west is on
0x0195	0x1106      	BCF        PORTB, 2
0x0196	0x1606      	BSF        PORTB, 4
;Traffic_Light.c,67 :: 		southyellow=0; southred=1;         //south is off
0x0197	0x1306      	BCF        PORTB, 6
0x0198	0x1686      	BSF        PORTB, 5
;Traffic_Light.c,69 :: 		for(count=23;count>0;count--){
0x0199	0x3017      	MOVLW      23
0x019A	0x00AA      	MOVWF      _count
L_display19:
0x019B	0x082A      	MOVF       _count, 0
0x019C	0x3C00      	SUBLW      0
0x019D	0x1803      	BTFSC      STATUS, 0
0x019E	0x29F7      	GOTO       L_display20
;Traffic_Light.c,70 :: 		left=count/10;                  //represent the left digit for south
0x019F	0x300A      	MOVLW      10
0x01A0	0x00F4      	MOVWF      R4
0x01A1	0x082A      	MOVF       _count, 0
0x01A2	0x00F0      	MOVWF      R0
0x01A3	0x2117      	CALL       _Div_8X8_U
0x01A4	0x0870      	MOVF       R0, 0
0x01A5	0x00B1      	MOVWF      FLOC__display+3
0x01A6	0x0831      	MOVF       FLOC__display+3, 0
0x01A7	0x00AB      	MOVWF      _left
;Traffic_Light.c,71 :: 		right=count%10;                 //represent the right digit for south
0x01A8	0x300A      	MOVLW      10
0x01A9	0x00F4      	MOVWF      R4
0x01AA	0x082A      	MOVF       _count, 0
0x01AB	0x00F0      	MOVWF      R0
0x01AC	0x2117      	CALL       _Div_8X8_U
0x01AD	0x0878      	MOVF       R8, 0
0x01AE	0x00F0      	MOVWF      R0
0x01AF	0x0870      	MOVF       R0, 0
0x01B0	0x00B0      	MOVWF      FLOC__display+2
0x01B1	0x0830      	MOVF       FLOC__display+2, 0
0x01B2	0x00A7      	MOVWF      _right
;Traffic_Light.c,72 :: 		newleft=(count-3)/10;           //represent the left digit for west
0x01B3	0x3003      	MOVLW      3
0x01B4	0x022A      	SUBWF      _count, 0
0x01B5	0x00AE      	MOVWF      FLOC__display
0x01B6	0x01AF      	CLRF       FLOC__display+1
0x01B7	0x1C03      	BTFSS      STATUS, 0
0x01B8	0x03AF      	DECF       FLOC__display+1, 1
0x01B9	0x300A      	MOVLW      10
0x01BA	0x00F4      	MOVWF      R4
0x01BB	0x3000      	MOVLW      0
0x01BC	0x00F5      	MOVWF      R4+1
0x01BD	0x082E      	MOVF       FLOC__display, 0
0x01BE	0x00F0      	MOVWF      R0
0x01BF	0x082F      	MOVF       FLOC__display+1, 0
0x01C0	0x00F1      	MOVWF      R0+1
0x01C1	0x20A7      	CALL       _Div_16x16_S
0x01C2	0x0870      	MOVF       R0, 0
0x01C3	0x00A4      	MOVWF      _newleft
;Traffic_Light.c,73 :: 		newright=(count-3)%10;          //represent the right digit for west
0x01C4	0x300A      	MOVLW      10
0x01C5	0x00F4      	MOVWF      R4
0x01C6	0x3000      	MOVLW      0
0x01C7	0x00F5      	MOVWF      R4+1
0x01C8	0x082E      	MOVF       FLOC__display, 0
0x01C9	0x00F0      	MOVWF      R0
0x01CA	0x082F      	MOVF       FLOC__display+1, 0
0x01CB	0x00F1      	MOVWF      R0+1
0x01CC	0x20A7      	CALL       _Div_16x16_S
0x01CD	0x0878      	MOVF       R8, 0
0x01CE	0x00F0      	MOVWF      R0
0x01CF	0x0879      	MOVF       R8+1, 0
0x01D0	0x00F1      	MOVWF      R0+1
0x01D1	0x0870      	MOVF       R0, 0
0x01D2	0x00A5      	MOVWF      _newright
;Traffic_Light.c,74 :: 		portd=right;
0x01D3	0x0830      	MOVF       FLOC__display+2, 0
0x01D4	0x0088      	MOVWF      PORTD
;Traffic_Light.c,75 :: 		porte=left;
0x01D5	0x0831      	MOVF       FLOC__display+3, 0
0x01D6	0x0089      	MOVWF      PORTE
;Traffic_Light.c,76 :: 		if(count<=3){                   //check when the westyellow is on
0x01D7	0x082A      	MOVF       _count, 0
0x01D8	0x3C03      	SUBLW      3
0x01D9	0x1C03      	BTFSS      STATUS, 0
0x01DA	0x29E3      	GOTO       L_display22
;Traffic_Light.c,77 :: 		westgreen=0;
0x01DB	0x1206      	BCF        PORTB, 4
;Traffic_Light.c,78 :: 		westyellow=1;
0x01DC	0x1586      	BSF        PORTB, 3
;Traffic_Light.c,79 :: 		portc=right;
0x01DD	0x0827      	MOVF       _right, 0
0x01DE	0x0087      	MOVWF      PORTC
;Traffic_Light.c,80 :: 		porta=left  | (0b00000100);  //or operator to maintain the value of RA2 one forever to make segments on
0x01DF	0x3004      	MOVLW      4
0x01E0	0x042B      	IORWF      _left, 0
0x01E1	0x0085      	MOVWF      PORTA
;Traffic_Light.c,81 :: 		}
0x01E2	0x29E8      	GOTO       L_display23
L_display22:
;Traffic_Light.c,83 :: 		portc=newright;
0x01E3	0x0825      	MOVF       _newright, 0
0x01E4	0x0087      	MOVWF      PORTC
;Traffic_Light.c,84 :: 		porta=newleft  | (0b00000100); //or operator to maintain the value of RA2 one forever to make segments on
0x01E5	0x3004      	MOVLW      4
0x01E6	0x0424      	IORWF      _newleft, 0
0x01E7	0x0085      	MOVWF      PORTA
;Traffic_Light.c,85 :: 		}
L_display23:
;Traffic_Light.c,86 :: 		delay_ms(100);                     //delay for displaying the number on segments
0x01E8	0x3002      	MOVLW      2
0x01E9	0x00FB      	MOVWF      R11
0x01EA	0x3004      	MOVLW      4
0x01EB	0x00FC      	MOVWF      R12
0x01EC	0x30BA      	MOVLW      186
0x01ED	0x00FD      	MOVWF      R13
L_display24:
0x01EE	0x0BFD      	DECFSZ     R13, 1
0x01EF	0x29EE      	GOTO       L_display24
0x01F0	0x0BFC      	DECFSZ     R12, 1
0x01F1	0x29EE      	GOTO       L_display24
0x01F2	0x0BFB      	DECFSZ     R11, 1
0x01F3	0x29EE      	GOTO       L_display24
0x01F4	0x0000      	NOP
;Traffic_Light.c,69 :: 		for(count=23;count>0;count--){
0x01F5	0x03AA      	DECF       _count, 1
;Traffic_Light.c,87 :: 		}
0x01F6	0x299B      	GOTO       L_display19
L_display20:
;Traffic_Light.c,88 :: 		westyellow=0; southred=0;            //prepare to restart the loop again
0x01F7	0x1186      	BCF        PORTB, 3
0x01F8	0x1286      	BCF        PORTB, 5
;Traffic_Light.c,90 :: 		}
0x01F9	0x2934      	GOTO       L_display11
;Traffic_Light.c,91 :: 		}
L_end_display:
0x01FA	0x0008      	RETURN
; end of _display
_main:
;Traffic_Light.c,94 :: 		void main(){
;Traffic_Light.c,95 :: 		gie_bit=1;                            //enable the global interrupt enable
0x01FB	0x178B      	BSF        GIE_bit, BitPos(GIE_bit+0)
;Traffic_Light.c,96 :: 		inte_bit=1;                           //enable the RB0 interrupt enable
0x01FC	0x160B      	BSF        INTE_bit, BitPos(INTE_bit+0)
;Traffic_Light.c,97 :: 		intedg_bit=0;                         //determine the edge of interrupt
0x01FD	0x1683      	BSF        STATUS, 5
0x01FE	0x1303      	BCF        STATUS, 6
0x01FF	0x1301      	BCF        INTEDG_bit, BitPos(INTEDG_bit+0)
;Traffic_Light.c,99 :: 		adcon1=7;                             //enable porta and porte to be digital i/o ports
0x0200	0x3007      	MOVLW      7
0x0201	0x009F      	MOVWF      ADCON1
;Traffic_Light.c,101 :: 		trisb=3;                              //determine RB0 and RB1 as input and the other digits output
0x0202	0x3003      	MOVLW      3
0x0203	0x0086      	MOVWF      TRISB
;Traffic_Light.c,102 :: 		trisc=trisd=trisa=trise=0;            //determine other ports as output
0x0204	0x0189      	CLRF       TRISE
0x0205	0x0809      	MOVF       TRISE, 0
0x0206	0x0085      	MOVWF      TRISA
0x0207	0x0805      	MOVF       TRISA, 0
0x0208	0x0088      	MOVWF      TRISD
0x0209	0x0808      	MOVF       TRISD, 0
0x020A	0x0087      	MOVWF      TRISC
;Traffic_Light.c,104 :: 		porta=portb=portc=portd=porte=0;      //initialize all output ports as zero
0x020B	0x1283      	BCF        STATUS, 5
0x020C	0x0189      	CLRF       PORTE
0x020D	0x0809      	MOVF       PORTE, 0
0x020E	0x0088      	MOVWF      PORTD
0x020F	0x0808      	MOVF       PORTD, 0
0x0210	0x0087      	MOVWF      PORTC
0x0211	0x0807      	MOVF       PORTC, 0
0x0212	0x0086      	MOVWF      PORTB
0x0213	0x0806      	MOVF       PORTB, 0
0x0214	0x0085      	MOVWF      PORTA
;Traffic_Light.c,105 :: 		porta.b2=1;                           //make the segments on
0x0215	0x1505      	BSF        PORTA, 2
;Traffic_Light.c,107 :: 		display();                            //call the display() function to start traffic light system
0x0216	0x2134      	CALL       _display
;Traffic_Light.c,109 :: 		}
L_end_main:
0x0217	0x2A17      	GOTO       $+0
; end of _main
Symbol List:
//** Routines locations **
//ADDRESS    SIZE    PROCEDURE
//----------------------------------------------
0x0004     [119]    _interrupt
0x007B      [44]    _Div_16x16_S_L
0x00A7     [105]    _Div_16x16_S
0x0110       [7]    _____DoICP
0x0117      [17]    _Div_8X8_U
0x0128      [12]    ___CC2DW
0x0134     [199]    _display
0x01FB      [29]    _main
//** Variables locations ** 
//ADDRESS    SIZE    VARIABLE
//----------------------------------------------
0x0000       [1]    INDF
0x0002       [1]    PCL
0x0003       [1]    STATUS
0x0004       [1]    FSR
0x0005       [1]    PORTA
0x0006       [1]    PORTB
0x0007       [1]    PORTC
0x0008       [1]    PORTD
0x0009       [1]    PORTE
0x000A       [1]    PCLATH
0x000B       [0]    GIE_bit
0x000B       [0]    INTF_bit
0x000B       [0]    INTE_bit
0x0024       [1]    _newleft
0x0025       [1]    _newright
0x0026       [1]    _temp
0x0027       [1]    _right
0x0028       [2]    ___DoICPAddr
0x002A       [1]    _count
0x002B       [1]    _left
0x002C       [1]    ___saveSTATUS
0x002D       [1]    ___savePCLATH
0x002E       [4]    FLOC__display
0x0070       [1]    R0
0x0071       [1]    R1
0x0072       [1]    R2
0x0073       [1]    R3
0x0074       [1]    R4
0x0075       [1]    R5
0x0076       [1]    R6
0x0077       [1]    R7
0x0078       [1]    R8
0x0079       [1]    R9
0x007A       [1]    R10
0x007B       [1]    R11
0x007C       [1]    R12
0x007D       [1]    R13
0x007E       [1]    R14
0x007F       [1]    R15
0x0081       [0]    INTEDG_bit
0x0085       [1]    TRISA
0x0086       [1]    TRISB
0x0087       [1]    TRISC
0x0088       [1]    TRISD
0x0089       [1]    TRISE
0x009F       [1]    ADCON1
//** Label List: ** 
//----------------------------------------------
  L_interrupt0
  L_interrupt1
  L_interrupt2
  L_interrupt3
  L_interrupt4
  L_interrupt5
  L_interrupt6
  L_interrupt7
  L_interrupt8
  L_interrupt9
  L_interrupt10
  L_display11
  L_display12
  L_display13
  L_display14
  L_display15
  L_display16
  L_display17
  L_display18
  L_display19
  L_display20
  L_display21
  L_display22
  L_display23
  L_display24
  L_end_interrupt
  _interrupt
  L__interrupt26
  L__interrupt27
  L__interrupt28
  L__interrupt29
  L__interrupt30
  L__interrupt31
  L__interrupt32
  L__interrupt33
  L__interrupt34
  L__interrupt35
  L__interrupt36
  L__interrupt37
  L__interrupt38
  L_end_display
  _display
  L_end_main
  _main
  L_Div_16x16_S0
  L_Div_16x16_S1
  LOOPS3232A
  SADD22LA
  SOK22LA
  SADD22L8
  SOK22L8
  LOOPS3232B
  SADD22LB
  SOK22LB
  SADD22L16
  SOK22L16
  LOOPS3232C
  SADD22LC
  SOK22LC
  SADD22L24
  SOK22L24
  LOOPS3232D
  SADD22LD
  SOK22LD
  SOK22L
  L_Div_32x32_S6
  L_Div_32x32_S7
  L_Div_32x32_S8
  L_Div_32x32_S9
  FXD3232S
  END_ALL
  CA3232S
  C3232SX
  C3232SX1
  C3232S
  C3232S2
  C3232SX4
  C3232SOK
  C3232SX3
  C3232SX2
  avoid_comfrem
  LOOPU3232A
  UADD22LA
  UOK22LA
  UADD22L8
  UOK22L8
  LOOPU3232B
  UADD22LB
  UOK22LB
  UADD22L16
  UOK22L16
  LOOPU3232C
  UADD22LC
  UOK22LC
  UADD22L24
  UOK22L24
  LOOPU3232D
  UADD22LD
  UOK22LD
  UOK22L
  _NEXT
  _EXIT2
  _LOOP
  _EXIT1
  _IF_FIRST
  _IF_SECOND
  _INVERCE_FIRST
  _MULT
  _INBERSE_SECOND
  _EXIT
  L_end_Mul_8X8_U
  _Mul_8X8_U
  L_end_Mul_16X16_U
  _Mul_16X16_U
  L_end_Div_8X8_U
  _Div_8X8_U
  L_end_Div_16X16_U
  _Div_16X16_U
  L_end_Mul_8X8_S
  _Mul_8X8_S
  L_end_Mul_16X16_S
  _Mul_16X16_S
  L_end_Div_16x16_S_L
  _Div_16x16_S_L
  L_end_Div_16x16_S
  _Div_16x16_S
  L_end_Div_8X8_S
  _Div_8X8_S
  L_end_SDIV3232L
  _SDIV3232L
  L_end_COMFREM
  _COMFREM
  L_end_Div_32x32_S
  _Div_32x32_S
  L_end_Div_32x32_U
  _Div_32x32_U
  L_end_Mul_32x32_U
  _Mul_32x32_U
  L_end_Mul_32x32_S
  _Mul_32x32_S
  L_loopCA2AWs
  L_CA2AWend
  _CCA2AW_Loop1
  L_loopCS2Ss
  L_CS2Send
  _CCS2S_Loop1
  L_CCS2Send
  L_loopFZinSWs
  L_FZinSend
  _CC2D_Loop1
  L_end_____DoICP
  _____DoICP
  L_end_____DoIFC
  _____DoIFC
  L_end___CA2AW
  ___CA2AW
  L_end___CCA2AW
  ___CCA2AW
  L_end___CS2S
  ___CS2S
  L_end___CCS2S
  ___CCS2S
  L_end___FZinS
  ___FZinS
  L_end___CC2DW
  ___CC2DW
  L_end_Swap
  _Swap
  L_interrupt0
  L_interrupt1
  L_interrupt2
  L_interrupt3
  L_interrupt4
  L_interrupt5
  L_interrupt6
  L_interrupt7
  L_interrupt8
  L_interrupt9
  L_interrupt10
  L_display11
  L_display12
  L_display13
  L_display14
  L_display15
  L_display16
  L_display17
  L_display18
  L_display19
  L_display20
  L_display21
  L_display22
  L_display23
  L_display24
  L_end_interrupt
  _interrupt
  L__interrupt26
  L__interrupt27
  L__interrupt28
  L__interrupt29
  L__interrupt30
  L__interrupt31
  L__interrupt32
  L__interrupt33
  L__interrupt34
  L__interrupt35
  L__interrupt36
  L__interrupt37
  L__interrupt38
  L_end_display
  _display
  L_end_main
  _main
